<?xml version="1.0" encoding="UTF-8"?>
<!-- Generated by org.testng.reporters.JUnitReportReporter -->
<testsuite skipped="0" hostname="LAPTOP-PJ1IVCJ7" name="Demo.testngDemo.Parallel1" tests="2" failures="0" timestamp="05 Feb 2021 10:53:15 GMT" time="43.753" errors="0">
  <testcase name="TC2" time="20.690" classname="Demo.testngDemo.Parallel1"/>
  <testcase name="TC1" time="23.063" classname="Demo.testngDemo.Parallel1"/>
</testsuite> <!-- Demo.testngDemo.Parallel1 -->
