<?xml version="1.0" encoding="UTF-8"?>
<!-- Generated by org.testng.reporters.JUnitReportReporter -->
<testsuite skipped="1" hostname="LAPTOP-PJ1IVCJ7" name="Demo.testngDemo.DemoProvider" tests="1" failures="0" timestamp="04 Feb 2021 12:49:36 GMT" time="0.000" errors="0">
  <testcase name="Tc_01" time="0.000" classname="Demo.testngDemo.DemoProvider">
    <skipped/>
  </testcase> <!-- Tc_01 -->
</testsuite> <!-- Demo.testngDemo.DemoProvider -->
