<?xml version="1.0" encoding="UTF-8"?>
<!-- Generated by org.testng.reporters.JUnitReportReporter -->
<testsuite skipped="0" hostname="LAPTOP-PJ1IVCJ7" name="Demo.testngDemo.Demo3" tests="3" failures="0" timestamp="03 Feb 2021 11:58:21 GMT" time="0.007" errors="0">
  <testcase name="tc3" time="0.006" classname="Demo.testngDemo.Demo3"/>
  <testcase name="tc2" time="0.001" classname="Demo.testngDemo.Demo3"/>
  <testcase name="tc1" time="0.000" classname="Demo.testngDemo.Demo3"/>
</testsuite> <!-- Demo.testngDemo.Demo3 -->
