<?xml version="1.0" encoding="UTF-8"?>
<!-- Generated by org.testng.reporters.JUnitReportReporter -->
<testsuite skipped="1" hostname="LAPTOP-PJ1IVCJ7" name="Demo.testngDemo.DemoReadDataProvider" tests="1" failures="0" timestamp="04 Feb 2021 12:49:12 GMT" time="0.000" errors="0">
  <testcase name="td" time="0.000" classname="Demo.testngDemo.DemoReadDataProvider">
    <skipped/>
  </testcase> <!-- td -->
</testsuite> <!-- Demo.testngDemo.DemoReadDataProvider -->
