<?xml version="1.0" encoding="UTF-8"?>
<!-- Generated by org.testng.reporters.JUnitReportReporter -->
<testsuite skipped="0" hostname="LAPTOP-PJ1IVCJ7" name="Demo.testngDemo.Demo4" tests="7" failures="0" timestamp="03 Feb 2021 12:38:30 GMT" time="0.012" errors="0">
  <testcase name="tc5" time="0.001" classname="Demo.testngDemo.Demo4"/>
  <testcase name="tc3" time="0.001" classname="Demo.testngDemo.Demo4"/>
  <testcase name="tc7" time="0.001" classname="Demo.testngDemo.Demo4"/>
  <testcase name="tc2" time="0.001" classname="Demo.testngDemo.Demo4"/>
  <testcase name="tc6" time="0.006" classname="Demo.testngDemo.Demo4"/>
  <testcase name="tc4" time="0.001" classname="Demo.testngDemo.Demo4"/>
  <testcase name="tc1" time="0.001" classname="Demo.testngDemo.Demo4"/>
</testsuite> <!-- Demo.testngDemo.Demo4 -->
