<?xml version="1.0" encoding="UTF-8"?>
<!-- Generated by org.testng.reporters.JUnitReportReporter -->
<testsuite skipped="0" hostname="LAPTOP-PJ1IVCJ7" name="Demo.testngDemo.Parallel2" tests="1" failures="0" timestamp="05 Feb 2021 10:53:15 GMT" time="21.091" errors="0">
  <testcase name="TC2" time="21.091" classname="Demo.testngDemo.Parallel2"/>
</testsuite> <!-- Demo.testngDemo.Parallel2 -->
