<?xml version="1.0" encoding="UTF-8"?>
<!-- Generated by org.testng.reporters.JUnitReportReporter -->
<testsuite skipped="0" hostname="LAPTOP-PJ1IVCJ7" name="Demo.testngDemo.Demo1" tests="1" failures="0" timestamp="03 Feb 2021 10:10:31 GMT" time="40.703" errors="0">
  <testcase name="tc_1" time="40.703" classname="Demo.testngDemo.Demo1"/>
</testsuite> <!-- Demo.testngDemo.Demo1 -->
