<?xml version="1.0" encoding="UTF-8"?>
<!-- Generated by org.testng.reporters.JUnitReportReporter -->
<testsuite skipped="0" hostname="LAPTOP-PJ1IVCJ7" name="Demo.testngDemo.Demo" tests="1" failures="0" timestamp="03 Feb 2021 09:57:29 GMT" time="0.007" errors="0">
  <testcase name="tc_1" time="0.007" classname="Demo.testngDemo.Demo"/>
</testsuite> <!-- Demo.testngDemo.Demo -->
